TN:
SF:src\processor.ts
FN:3,determinePriority
FN:19,determineStatus
FNF:2
FNH:2
FNDA:13,determinePriority
FNDA:10,determineStatus
DA:1,1
DA:3,1
DA:4,13
DA:5,13
DA:6,2
DA:7,13
DA:8,13
DA:9,4
DA:10,13
DA:11,13
DA:12,4
DA:13,13
DA:14,13
DA:15,3
DA:16,13
DA:17,13
DA:19,1
DA:20,10
DA:21,2
DA:22,2
DA:23,8
DA:24,8
LF:22
LH:22
BRDA:3,0,0,13
BRDA:5,1,0,2
BRDA:7,2,0,2
BRDA:8,3,0,4
BRDA:10,4,0,2
BRDA:11,5,0,4
BRDA:13,6,0,2
BRDA:14,7,0,3
BRDA:19,8,0,10
BRDA:20,9,0,2
BRDA:22,10,0,8
BRF:11
BRH:11
end_of_record
TN:
SF:src\types.ts
FNF:0
FNH:0
DA:1,1
DA:2,1
DA:3,1
DA:4,1
DA:5,1
DA:6,1
DA:7,1
DA:10,1
DA:11,1
DA:12,1
DA:13,1
DA:14,1
DA:17,1
DA:18,1
DA:19,1
LF:15
LH:15
BRDA:1,0,0,1
BRDA:10,1,0,1
BRDA:17,2,0,1
BRF:3
BRH:3
end_of_record
